  StdAfx.cpp
c:\users\formlabs\crashrpt_v.1.4.3_r1645\thirdparty\wtl\atlapp.h(503): warning C4996: 'GetVersionExW': was declared deprecated
  c:\program files (x86)\windows kits\10\include\10.0.10240.0\um\sysinfoapi.h(459): note: see declaration of 'GetVersionExW'
c:\users\formlabs\crashrpt_v.1.4.3_r1645\thirdparty\wtl\atlapp.h(612): warning C4996: 'GetVersionExW': was declared deprecated
  c:\program files (x86)\windows kits\10\include\10.0.10240.0\um\sysinfoapi.h(459): note: see declaration of 'GetVersionExW'
c:\users\formlabs\crashrpt_v.1.4.3_r1645\thirdparty\wtl\atlapp.h(647): warning C4996: 'GetVersionExW': was declared deprecated
  c:\program files (x86)\windows kits\10\include\10.0.10240.0\um\sysinfoapi.h(459): note: see declaration of 'GetVersionExW'
c:\users\formlabs\crashrpt_v.1.4.3_r1645\thirdparty\wtl\atluser.h(1318): warning C4302: 'type cast': truncation from 'LPCTSTR' to 'WORD'
c:\users\formlabs\crashrpt_v.1.4.3_r1645\thirdparty\wtl\atluser.h(1328): warning C4302: 'type cast': truncation from 'LPCTSTR' to 'WORD'
c:\users\formlabs\crashrpt_v.1.4.3_r1645\thirdparty\wtl\atlgdi.h(469): warning C4838: conversion from 'int' to 'UINT' requires a narrowing conversion
c:\users\formlabs\crashrpt_v.1.4.3_r1645\thirdparty\wtl\atlgdi.h(476): warning C4838: conversion from 'int' to 'UINT' requires a narrowing conversion
c:\users\formlabs\crashrpt_v.1.4.3_r1645\thirdparty\wtl\atlgdi.h(483): warning C4838: conversion from 'int' to 'UINT' requires a narrowing conversion
c:\users\formlabs\crashrpt_v.1.4.3_r1645\thirdparty\wtl\atlgdi.h(490): warning C4838: conversion from 'int' to 'UINT' requires a narrowing conversion
c:\users\formlabs\crashrpt_v.1.4.3_r1645\thirdparty\wtl\atlgdi.h(3682): warning C4838: conversion from 'LONG' to 'DWORD' requires a narrowing conversion
c:\users\formlabs\crashrpt_v.1.4.3_r1645\thirdparty\wtl\atlmisc.h(1523): warning C4457: declaration of 'pstr' hides function parameter
  c:\users\formlabs\crashrpt_v.1.4.3_r1645\thirdparty\wtl\atlmisc.h(1506): note: see declaration of 'pstr'
  CrashHandler.cpp
  CrashRpt.cpp
  SharedMem.cpp
  Utility.cpp
c:\users\formlabs\crashrpt_v.1.4.3_r1645\reporting\crashrpt\crashhandler.cpp(476): warning C4457: declaration of 'dwFlags' hides function parameter
  c:\users\formlabs\crashrpt_v.1.4.3_r1645\reporting\crashrpt\crashhandler.cpp(89): note: see declaration of 'dwFlags'
c:\users\formlabs\crashrpt_v.1.4.3_r1645\reporting\crashrpt\crashrpt.cpp(782): warning C4702: unreachable code
CrashHandler.obj : warning LNK4075: ignoring '/EDITANDCONTINUE' due to '/SAFESEH' specification
     Creating library C:\Users\formlabs\CrashRpt_v.1.4.3_r1645\lib\CrashRpt1403d.lib and object C:\Users\formlabs\CrashRpt_v.1.4.3_r1645\lib\CrashRpt1403d.exp
  CrashRpt_vs2010.vcxproj -> C:\Users\formlabs\CrashRpt_v.1.4.3_r1645\bin\CrashRpt1403d.dll
  CrashRpt_vs2010.vcxproj -> C:\Users\formlabs\CrashRpt_v.1.4.3_r1645\bin\CrashRpt1403d.pdb (Full PDB)
c:\program files (x86)\windows kits\10\include\10.0.10240.0\um\mshtml.h(37088): warning BK4504: file contains too many references; ignoring further references from this source
